-------------------------------------------------
The trace creation timestamp is: Mon Jan 11 10:32:17 21
The executable build timestamp is: Thu Aug 22 08:25:42 19
The datecode is: 2019224
The pro machine type is: x86e_win64
The process ID is: 7520
The traceback type is : CRASH
The logger exit status is: 00003
The Trail is: trail.txt.44
The release is: 6.0
The product version is: 6.0.2.0
The product title is: Creo Parametric
-------------------------------------------------
Exception EXCEPTION_NONCONTINUABLE_EXCEPTION has occurred in the thread 11328.

Main Thread 11328
=====================
0x00007FFC522D3B29	NULL (NULL:0) (KERNELBASE:0x00007FFC52290000) ( 0x0, 0xaaa8ad42, 0x1, 0x2 ) 
0x00007FFC228FD889	NULL (NULL:0) (coretools_sh:0x00007FFC22880000) ( 0x227e2ed0, 0x227e3048, 0x227e3038, 0x2 ) 
0x00007FFC227AC614	NULL (NULL:0) (rtlcoremt:0x00007FFC227A0000) ( 0x0, 0x0, 0x1, 0x36fad1e0 ) 
0x00007FFC227B6988	NULL (NULL:0) (rtlcoremt:0x00007FFC227A0000) ( 0xfc040360, 0xaaa8ae82, 0xf29485f8, 0x1 ) 
0x00007FFC227B3AA0	NULL (NULL:0) (rtlcoremt:0x00007FFC227A0000) ( 0x2, 0xfc040360, 0x1, 0x2 ) 
0x00007FF6AAA8AA40	NULL (NULL:0) (xtop:0x00007FF6A2C10000) ( 0x36fad370, 0x36fad1e0, 0x0, 0x36fad370 ) 
0x00007FF6A502C714	NULL (NULL:0) (xtop:0x00007FF6A2C10000) ( 0x0, 0x36fad1e0, 0x36facbd0, 0x2 ) 
0x00007FF6A5B5249E	NULL (NULL:0) (xtop:0x00007FF6A2C10000) ( 0x0, 0x1, 0x2, 0xae85eec8 ) 
0x00007FF6A5B526EB	NULL (NULL:0) (xtop:0x00007FF6A2C10000) ( 0x36faccd0, 0x36facd20, 0xc2ccf500, 0xffffffff ) 
0x00007FF6A954F352	NULL (NULL:0) (xtop:0x00007FF6A2C10000) ( 0x0, 0xc2ccf500, 0xc2ccf548, 0x44 ) 
0x00007FF6A954FA7E	NULL (NULL:0) (xtop:0x00007FF6A2C10000) ( 0x3, 0x0, 0x1, 0x44 ) 
0x00007FF6A955AF37	NULL (NULL:0) (xtop:0x00007FF6A2C10000) ( 0x1, 0x1, 0x36facfc0, 0xaea68428 ) 
0x00007FF6A9554754	NULL (NULL:0) (xtop:0x00007FF6A2C10000) ( 0xaffedd80, 0xaffeddc8, 0x36fad370, 0xa9560dbf ) 
0x00007FFC228C945B	NULL (NULL:0) (coretools_sh:0x00007FFC22880000) ( 0xae85d680, 0x1, 0x36fad370, 0x70006d ) 
0x00007FF6A955ACE9	NULL (NULL:0) (xtop:0x00007FF6A2C10000) ( 0x0, 0x36fad370, 0x36fad370, 0x1 ) 
0x00007FF6A5B5BB51	NULL (NULL:0) (xtop:0x00007FF6A2C10000) ( 0x1, 0x1, 0x1, 0x3258 ) 
0x00007FF6A5B5F91F	NULL (NULL:0) (xtop:0x00007FF6A2C10000) ( 0xbb996570, 0xfaaf6b58, 0xfaaf3900, 0x1 ) 
0x00007FF6A594ABDF	NULL (NULL:0) (xtop:0x00007FF6A2C10000) ( 0x0, 0x2, 0xf1366b28, 0x1 ) 
0x00007FF6A5954FD3	NULL (NULL:0) (xtop:0x00007FF6A2C10000) ( 0xf1366b28, 0x1, 0x5a, 0x36fad990 ) 
0x00007FF6A3EFBAF2	NULL (NULL:0) (xtop:0x00007FF6A2C10000) ( 0xfaaf6be8, 0xa3efbab0, 0x50, 0xcc2bf820 ) 
0x00007FF6A6B36593	NULL (NULL:0) (xtop:0x00007FF6A2C10000) ( 0x36fad990, 0xa8759768, 0xffffffff, 0xf1366b28 ) 
0x00007FFBF66A5327	NULL (NULL:0) (libui_sh:0x00007FFBF6430000) ( 0x1, 0x20a489, 0xaf7bd8b0, 0x80000e ) 
0x00007FFBF65A774A	NULL (NULL:0) (libui_sh:0x00007FFBF6430000) ( 0xa8759768, 0x0, 0x80000e, 0xa9558fbe ) 
0x00007FF6A8D4F7FA	NULL (NULL:0) (xtop:0x00007FF6A2C10000) ( 0x36fadbe0, 0x0, 0x0, 0xa8336d40 ) 
0x00007FF6A8D4A7A9	NULL (NULL:0) (xtop:0x00007FF6A2C10000) ( 0x36fadea0, 0x36fadef0, 0xa8336cf8, 0xffffffff ) 
0x00007FF6A954F352	NULL (NULL:0) (xtop:0x00007FF6A2C10000) ( 0x0, 0xa8336cf8, 0xa8336d40, 0x31 ) 
0x00007FF6A954FA7E	NULL (NULL:0) (xtop:0x00007FF6A2C10000) ( 0x1, 0x0, 0x17, 0x31 ) 
0x00007FF6A955AF37	NULL (NULL:0) (xtop:0x00007FF6A2C10000) ( 0x1, 0xffffffff, 0x36fae190, 0xaea68428 ) 
0x00007FF6A9554754	NULL (NULL:0) (xtop:0x00007FF6A2C10000) ( 0x4, 0xca874df8, 0x80010, 0x0 ) 
0x00007FFC228C945B	NULL (NULL:0) (coretools_sh:0x00007FFC22880000) ( 0xae5bd7f0, 0x36fae330, 0xae5bd7f0, 0x2291152d ) 
0x00007FF6A955ACE9	NULL (NULL:0) (xtop:0x00007FF6A2C10000) ( 0x0, 0xae5bd7f0, 0x0, 0x4 ) 
0x00007FF6A5B5D644	NULL (NULL:0) (xtop:0x00007FF6A2C10000) ( 0x36fae450, 0x36fae440, 0x36fae450, 0xae5bd7f0 ) 
0x00007FF6A5B6010F	NULL (NULL:0) (xtop:0x00007FF6A2C10000) ( 0x0, 0x0, 0x0, 0xa3ad1b19 ) 
0x00007FF6A5B6030B	NULL (NULL:0) (xtop:0x00007FF6A2C10000) ( 0x0, 0x36fae470, 0x0, 0xaaabb084 ) 
0x00007FF6A3A9036C	NULL (NULL:0) (xtop:0x00007FF6A2C10000) ( 0xca874df8, 0x0, 0x36fae940, 0x0 ) 
0x00007FF6A3AB2223	NULL (NULL:0) (xtop:0x00007FF6A2C10000) ( 0x36faeb00, 0x0, 0x0, 0x800005 ) 
0x00007FF6A3AD1C16	NULL (NULL:0) (xtop:0x00007FF6A2C10000) ( 0x0, 0x0, 0x14, 0x0 ) 
0x00007FF6A3AD1F86	NULL (NULL:0) (xtop:0x00007FF6A2C10000) ( 0x36faeb00, 0x36faeae8, 0x36faeae4, 0x0 ) 
0x00007FF6A58D2AA2	NULL (NULL:0) (xtop:0x00007FF6A2C10000) ( 0xb5fd1088, 0x1, 0x3e9, 0x3ef ) 
0x00007FF6A3AB539F	NULL (NULL:0) (xtop:0x00007FF6A2C10000) ( 0x0, 0x3ef, 0x36faeec0, 0x0 ) 
0x00007FF6A3AAB67A	NULL (NULL:0) (xtop:0x00007FF6A2C10000) ( 0x800005, 0xf6719c10, 0xf6719ae8, 0xa867f4b0 ) 
0x00007FFBF66A5327	NULL (NULL:0) (libui_sh:0x00007FFBF6430000) ( 0x1, 0x20a489, 0xaf7bd8b0, 0x100000b ) 
0x00007FFBF65A774A	NULL (NULL:0) (libui_sh:0x00007FFBF6430000) ( 0xa870b1e0, 0x0, 0x100000b, 0xa9558fbe ) 
0x00007FF6A8D4F7FA	NULL (NULL:0) (xtop:0x00007FF6A2C10000) ( 0x36faf110, 0x0, 0x0, 0xa831fd38 ) 
0x00007FF6A8D4A7A9	NULL (NULL:0) (xtop:0x00007FF6A2C10000) ( 0x36faf3d0, 0x36faf420, 0xa831fcf0, 0xffffffff ) 
0x00007FF6A954F352	NULL (NULL:0) (xtop:0x00007FF6A2C10000) ( 0x0, 0xa831fcf0, 0xa831fd38, 0x0 ) 
0x00007FF6A954FA7E	NULL (NULL:0) (xtop:0x00007FF6A2C10000) ( 0x0, 0x0, 0x26, 0x0 ) 
0x00007FF6A955AF37	NULL (NULL:0) (xtop:0x00007FF6A2C10000) ( 0x1, 0xffffffff, 0x36faf6c0, 0xaea68428 ) 
0x00007FF6A9554754	NULL (NULL:0) (xtop:0x00007FF6A2C10000) ( 0x7, 0xa0980cc0, 0x0, 0x0 ) 
0x00007FFC228C945B	NULL (NULL:0) (coretools_sh:0x00007FFC22880000) ( 0xae370800, 0x0, 0x3, 0xa5b8419a ) 
0x00007FF6A955ACE9	NULL (NULL:0) (xtop:0x00007FF6A2C10000) ( 0x0, 0x0, 0x0, 0xa0980cc0 ) 
0x00007FF6A3AD2106	NULL (NULL:0) (xtop:0x00007FF6A2C10000) ( 0xb2bf90d0, 0x3, 0x0, 0x0 ) 
0x00007FF6A39CCB6A	NULL (NULL:0) (xtop:0x00007FF6A2C10000) ( 0xb2bf90d0, 0x0, 0x0, 0x3 ) 
0x00007FF6AB14E73A	NULL (NULL:0) (xtop:0x00007FF6A2C10000) ( 0x1, 0x36faf7d0, 0xb2bf90d0, 0x0 ) 
0x00007FF6AB14E64A	NULL (NULL:0) (xtop:0x00007FF6A2C10000) ( 0xa, 0x0, 0x0, 0x0 ) 
0x00007FF6AB14AB42	NULL (NULL:0) (xtop:0x00007FF6A2C10000) ( 0x0, 0x0, 0x0, 0x0 ) 
0x00007FFC54557C24	NULL (NULL:0) (KERNEL32:0x00007FFC54540000) ( 0x0, 0x0, 0x0, 0x0 ) 

Thread 11052
=====================
0x00007FFC52739A84	NULL (NULL:0) (win32u:0x00007FFC52730000) ( 0x30a24, 0x548a8757, 0x30a24, 0x1507a9e0 ) 
0x00007FFC548B1CBD	NULL (NULL:0) (USER32:0x00007FFC54890000) ( 0x0, 0x38e6f949, 0xa1b661b0, 0x0 ) 
0x00007FFC15068D24	NULL (NULL:0) (asyncoremt:0x00007FFC15030000) ( 0xa1b64de0, 0xa1b64de0, 0xa1b64250, 0xa1b00870 ) 
0x00007FFC15062F1F	NULL (NULL:0) (asyncoremt:0x00007FFC15030000) ( 0xa1b64de0, 0xa1b65ee0, 0xa3eaf4e8, 0xa1b64250 ) 
0x00007FFC15062C7A	NULL (NULL:0) (asyncoremt:0x00007FFC15030000) ( 0xa1b508f0, 0x0, 0xa1b65ee0, 0x0 ) 
0x00007FFC1506305F	NULL (NULL:0) (asyncoremt:0x00007FFC15030000) ( 0xa1c044e0, 0x0, 0x0, 0x0 ) 
0x00007FFC525C10B2	NULL (NULL:0) (ucrtbase:0x00007FFC525A0000) ( 0x0, 0x0, 0x0, 0x0 ) 
0x00007FFC54557C24	NULL (NULL:0) (KERNEL32:0x00007FFC54540000) ( 0x0, 0x0, 0x0, 0x0 ) 

Thread 3388
=====================
0x00007FFC553BD244	NULL (NULL:0) (ntdll:0x00007FFC55320000) ( 0xa09d0120, 0x553383bd, 0x3677a000, 0x5536a7c4 ) 
0x00007FFC522E2AE7	NULL (NULL:0) (KERNELBASE:0x00007FFC52290000) ( 0xffffffff, 0xa1b64f40, 0xa3f4feb8, 0x3961f6c0 ) 
0x00007FFC1503F8C6	NULL (NULL:0) (asyncoremt:0x00007FFC15030000) ( 0xa6f68857, 0xa6f68857, 0x1, 0xa1b64f40 ) 
0x00007FFC15038174	NULL (NULL:0) (asyncoremt:0x00007FFC15030000) ( 0x1, 0xa1b64ef0, 0x3, 0x0 ) 
0x00007FFC15068E2E	NULL (NULL:0) (asyncoremt:0x00007FFC15030000) ( 0xa3eaf4e8, 0x227b01d2, 0xa1b00910, 0xa1b00910 ) 
0x00007FFC15062F1F	NULL (NULL:0) (asyncoremt:0x00007FFC15030000) ( 0xa1b64ef0, 0xa1b663a0, 0xa3eaf4e8, 0xa1b636c0 ) 
0x00007FFC15062C7A	NULL (NULL:0) (asyncoremt:0x00007FFC15030000) ( 0xa1b508f0, 0x0, 0xa1b663a0, 0x0 ) 
0x00007FFC1506305F	NULL (NULL:0) (asyncoremt:0x00007FFC15030000) ( 0xa1c04510, 0x0, 0x0, 0x0 ) 
0x00007FFC525C10B2	NULL (NULL:0) (ucrtbase:0x00007FFC525A0000) ( 0x0, 0x0, 0x0, 0x0 ) 
0x00007FFC54557C24	NULL (NULL:0) (KERNEL32:0x00007FFC54540000) ( 0x0, 0x0, 0x0, 0x0 ) 

Thread 9464
=====================
0x00007FFC553BD244	NULL (NULL:0) (ntdll:0x00007FFC55320000) ( 0xa09d1680, 0xada76a80, 0x70015, 0x5535b91f ) 
0x00007FFC522E2AE7	NULL (NULL:0) (KERNELBASE:0x00007FFC52290000) ( 0x1, 0xa1b65d18, 0xa3f52138, 0x39dcfa30 ) 
0x00007FFC1503F8C6	NULL (NULL:0) (asyncoremt:0x00007FFC15030000) ( 0xa6fea4f2, 0xa6fea4f2, 0x1, 0xa1b65d18 ) 
0x00007FFC15038174	NULL (NULL:0) (asyncoremt:0x00007FFC15030000) ( 0x1, 0xa1b65cc0, 0xa1b66860, 0xa82fd450 ) 
0x00007FFC15068E9E	NULL (NULL:0) (asyncoremt:0x00007FFC15030000) ( 0xa1b65cc0, 0x227bb4b1, 0x4, 0xa1b66860 ) 
0x00007FFC15063907	NULL (NULL:0) (asyncoremt:0x00007FFC15030000) ( 0xa1b65cc0, 0xa1b65cc0, 0xa1b642a0, 0xa1b65ec0 ) 
0x00007FFC15062F1F	NULL (NULL:0) (asyncoremt:0x00007FFC15030000) ( 0xa1b65cc0, 0xa1b66860, 0xa3eaf4e8, 0xa1b642a0 ) 
0x00007FFC15062C7A	NULL (NULL:0) (asyncoremt:0x00007FFC15030000) ( 0xa1b508f0, 0x0, 0xa1b66860, 0x0 ) 
0x00007FFC1506305F	NULL (NULL:0) (asyncoremt:0x00007FFC15030000) ( 0xa0abd050, 0x0, 0x0, 0x0 ) 
0x00007FFC525C10B2	NULL (NULL:0) (ucrtbase:0x00007FFC525A0000) ( 0x0, 0x0, 0x0, 0x0 ) 
0x00007FFC54557C24	NULL (NULL:0) (KERNEL32:0x00007FFC54540000) ( 0x0, 0x0, 0x0, 0x0 ) 

Thread 7824
=====================
0x00007FFC553BC774	NULL (NULL:0) (ntdll:0x00007FFC55320000) ( 0x10, 0x227b1fdb, 0xeef64bd8, 0xa1ce0870 ) 
0x00007FFC522D1E93	NULL (NULL:0) (KERNELBASE:0x00007FFC52290000) ( 0xa0b2b558, 0x0, 0x0, 0x630 ) 
0x00007FFBF594166B	NULL (NULL:0) (baselibmt:0x00007FFBF5910000) ( 0x0, 0x1, 0x8, 0xa1b50bf8 ) 
0x00007FFBF5A06BE5	NULL (NULL:0) (baselibmt:0x00007FFBF5910000) ( 0x0, 0xa0a8c800, 0xa0b2b540, 0x7fffffff ) 
0x00007FFC525C10B2	NULL (NULL:0) (ucrtbase:0x00007FFC525A0000) ( 0x0, 0x0, 0x0, 0x0 ) 
0x00007FFC54557C24	NULL (NULL:0) (KERNEL32:0x00007FFC54540000) ( 0x0, 0x0, 0x0, 0x0 ) 

Thread 14244
=====================
0x00007FFC553C0084	NULL (NULL:0) (ntdll:0x00007FFC55320000) ( 0x0, 0x3676f000, 0xa1c1a680, 0x0 ) 
0x00007FFC55353FE0	NULL (NULL:0) (ntdll:0x00007FFC55320000) ( 0x0, 0x0, 0x0, 0x0 ) 
0x00007FFC54557C24	NULL (NULL:0) (KERNEL32:0x00007FFC54540000) ( 0x0, 0x0, 0x0, 0x0 ) 

Thread 14196
=====================
0x00007FFC553BC814	NULL (NULL:0) (ntdll:0x00007FFC55320000) ( 0x0, 0x0, 0x1, 0x519b0000 ) 
0x00007FFC519C0BF8	NULL (NULL:0) (mswsock:0x00007FFC519B0000) ( 0x519b3ac0, 0xaf278810, 0x0, 0x0 ) 
0x00007FFC54557C24	NULL (NULL:0) (KERNEL32:0x00007FFC54540000) ( 0x0, 0x0, 0x0, 0x0 ) 

Thread 4808
=====================
0x00007FFC553BCD74	NULL (NULL:0) (ntdll:0x00007FFC55320000) ( 0x3c43fa98, 0xa1ce0870, 0x0, 0xa1b6c890 ) 
0x00007FFC522DFC21	NULL (NULL:0) (KERNELBASE:0x00007FFC52290000) ( 0x0, 0x0, 0xc00000bb, 0x0 ) 
0x00007FF6A3E75893	NULL (NULL:0) (xtop:0x00007FF6A2C10000) ( 0xa1b69260, 0xa1b637b0, 0xa3eaf4e8, 0x0 ) 
0x00007FFC15062F1F	NULL (NULL:0) (asyncoremt:0x00007FFC15030000) ( 0xa1b69260, 0xa1b6c920, 0xa3eaf4e8, 0xa1b637b0 ) 
0x00007FFC15062C7A	NULL (NULL:0) (asyncoremt:0x00007FFC15030000) ( 0xa1b508f0, 0x0, 0xa1b6c920, 0x0 ) 
0x00007FFC1506305F	NULL (NULL:0) (asyncoremt:0x00007FFC15030000) ( 0xa0abdbc0, 0x0, 0x0, 0x0 ) 
0x00007FFC525C10B2	NULL (NULL:0) (ucrtbase:0x00007FFC525A0000) ( 0x0, 0x0, 0x0, 0x0 ) 
0x00007FFC54557C24	NULL (NULL:0) (KERNEL32:0x00007FFC54540000) ( 0x0, 0x0, 0x0, 0x0 ) 

Thread 10264
=====================
0x00007FFC553BD244	NULL (NULL:0) (ntdll:0x00007FFC55320000) ( 0x0, 0x0, 0x0, 0x0 ) 
0x00007FFC522E2AE7	NULL (NULL:0) (KERNELBASE:0x00007FFC52290000) ( 0x0, 0x0, 0x0, 0x0 ) 
0x00007FFC522E29CE	NULL (NULL:0) (KERNELBASE:0x00007FFC52290000) ( 0x0, 0x0, 0x0, 0x0 ) 
0x00007FF6A95B6F38	NULL (NULL:0) (xtop:0x00007FF6A2C10000) ( 0x0, 0x0, 0x0, 0x0 ) 
0x00007FFC54557C24	NULL (NULL:0) (KERNEL32:0x00007FFC54540000) ( 0x0, 0x0, 0x0, 0x0 ) 

Thread 14524
=====================
0x00007FFC553BC774	NULL (NULL:0) (ntdll:0x00007FFC55320000) ( 0x0, 0x1a800, 0x1, 0x0 ) 
0x00007FFC522D1E93	NULL (NULL:0) (KERNELBASE:0x00007FFC52290000) ( 0xa4d93080, 0x1a801, 0x0, 0xa14 ) 
0x00007FFBEC2A5FAA	NULL (NULL:0) (nvoglv64:0x00007FFBEB640000) ( 0x103, 0xa52f1e08, 0x19, 0xa4d93080 ) 
0x00007FFBEC022F74	NULL (NULL:0) (nvoglv64:0x00007FFBEB640000) ( 0xa52f2200, 0x0, 0xa52f22c0, 0x0 ) 
0x00007FFBEC022AD3	NULL (NULL:0) (nvoglv64:0x00007FFBEB640000) ( 0xa52f22c0, 0x0, 0x0, 0x0 ) 
0x00007FFBEC2A70E8	NULL (NULL:0) (nvoglv64:0x00007FFBEB640000) ( 0x0, 0x0, 0x0, 0x0 ) 
0x00007FFC54557C24	NULL (NULL:0) (KERNEL32:0x00007FFC54540000) ( 0x0, 0x0, 0x0, 0x0 ) 

Thread 7964
=====================
0x00007FFC553BD244	NULL (NULL:0) (ntdll:0x00007FFC55320000) ( 0x0, 0x0, 0x0, 0x0 ) 
0x00007FFC522E2AE7	NULL (NULL:0) (KERNELBASE:0x00007FFC52290000) ( 0x0, 0x0, 0xa0ab4240, 0x0 ) 
0x00007FFC522E29CE	NULL (NULL:0) (KERNELBASE:0x00007FFC52290000) ( 0x3eaafe10, 0x0, 0xa0ab4240, 0x0 ) 
0x00007FFBEC2DEF47	NULL (NULL:0) (nvoglv64:0x00007FFBEB640000) ( 0xa535f150, 0xa4517010, 0x0, 0x0 ) 
0x00007FFBEC2DE479	NULL (NULL:0) (nvoglv64:0x00007FFBEB640000) ( 0x0, 0x0, 0x0, 0x0 ) 
0x00007FFBEC7995F8	NULL (NULL:0) (nvoglv64:0x00007FFBEB640000) ( 0x0, 0x0, 0x0, 0x0 ) 
0x00007FFC54557C24	NULL (NULL:0) (KERNEL32:0x00007FFC54540000) ( 0x0, 0x0, 0x0, 0x0 ) 

Thread 3184
=====================
0x00007FFC553BE964	NULL (NULL:0) (ntdll:0x00007FFC55320000) ( 0x0, 0x0, 0x0, 0x0 ) 
0x00007FFC5229CB10	NULL (NULL:0) (KERNELBASE:0x00007FFC52290000) ( 0x0, 0x0, 0x0, 0x0 ) 
0x00007FFBF65FFEEE	NULL (NULL:0) (libui_sh:0x00007FFBF6430000) ( 0x4, 0x1, 0x4, 0xa45ad700 ) 
0x00007FFC54557C24	NULL (NULL:0) (KERNEL32:0x00007FFC54540000) ( 0x0, 0x0, 0x0, 0x0 ) 

Thread 6176
=====================
0x00007FFC553BC774	NULL (NULL:0) (ntdll:0x00007FFC55320000) ( 0x1, 0x15062a4d, 0xada6c6d0, 0xada36ff0 ) 
0x00007FFC522D1E93	NULL (NULL:0) (KERNELBASE:0x00007FFC52290000) ( 0xa3eaf4e8, 0x0, 0x0, 0xbdc ) 
0x00007FFBF5941697	NULL (NULL:0) (baselibmt:0x00007FFBF5910000) ( 0xa3eaf4e8, 0xada6c6d0, 0xa3eaf4e8, 0xada6c6d0 ) 
0x00007FFC15062D65	NULL (NULL:0) (asyncoremt:0x00007FFC15030000) ( 0xa1b508f0, 0x0, 0xa1b73810, 0x0 ) 
0x00007FFC1506305F	NULL (NULL:0) (asyncoremt:0x00007FFC15030000) ( 0xa555ecf0, 0x0, 0x0, 0x0 ) 
0x00007FFC525C10B2	NULL (NULL:0) (ucrtbase:0x00007FFC525A0000) ( 0x0, 0x0, 0x0, 0x0 ) 
0x00007FFC54557C24	NULL (NULL:0) (KERNEL32:0x00007FFC54540000) ( 0x0, 0x0, 0x0, 0x0 ) 

Thread 8648
=====================
0x00007FFC553BC774	NULL (NULL:0) (ntdll:0x00007FFC55320000) ( 0x1, 0x15062a4d, 0xada616e0, 0xada37170 ) 
0x00007FFC522D1E93	NULL (NULL:0) (KERNELBASE:0x00007FFC52290000) ( 0xa3eaf4e8, 0xa1b50bf8, 0x0, 0xbe4 ) 
0x00007FFBF5941697	NULL (NULL:0) (baselibmt:0x00007FFBF5910000) ( 0xa3eaf4e8, 0xada616e0, 0xa3eaf4e8, 0xada616e0 ) 
0x00007FFC15062D65	NULL (NULL:0) (asyncoremt:0x00007FFC15030000) ( 0xa1b508f0, 0x0, 0xa1b74e00, 0x0 ) 
0x00007FFC1506305F	NULL (NULL:0) (asyncoremt:0x00007FFC15030000) ( 0xa555eb40, 0x0, 0x0, 0x0 ) 
0x00007FFC525C10B2	NULL (NULL:0) (ucrtbase:0x00007FFC525A0000) ( 0x0, 0x0, 0x0, 0x0 ) 
0x00007FFC54557C24	NULL (NULL:0) (KERNEL32:0x00007FFC54540000) ( 0x0, 0x0, 0x0, 0x0 ) 

Thread 10540
=====================
0x00007FFC553BC774	NULL (NULL:0) (ntdll:0x00007FFC55320000) ( 0xa3eb1060, 0xffd0, 0xa1d27b88, 0xa1ce0000 ) 
0x00007FFC522D1E93	NULL (NULL:0) (KERNELBASE:0x00007FFC52290000) ( 0x150c6138, 0xa3eb1060, 0x0, 0x474 ) 
0x00007FFBF594166B	NULL (NULL:0) (baselibmt:0x00007FFBF5910000) ( 0xada5ca80, 0xada5c9b0, 0x1, 0xada5ca80 ) 
0x00007FFC15066F95	NULL (NULL:0) (asyncoremt:0x00007FFC15030000) ( 0x1, 0x233e, 0x0, 0x0 ) 
0x00007FFBF5A069A2	NULL (NULL:0) (baselibmt:0x00007FFBF5910000) ( 0x0, 0xa554b400, 0xa5527060, 0x7fffffff ) 
0x00007FFC525C10B2	NULL (NULL:0) (ucrtbase:0x00007FFC525A0000) ( 0x0, 0x0, 0x0, 0x0 ) 
0x00007FFC54557C24	NULL (NULL:0) (KERNEL32:0x00007FFC54540000) ( 0x0, 0x0, 0x0, 0x0 ) 

Thread 12960
=====================
0x00007FFC553BC774	NULL (NULL:0) (ntdll:0x00007FFC55320000) ( 0x1, 0x15062a4d, 0xada61f40, 0xada36870 ) 
0x00007FFC522D1E93	NULL (NULL:0) (KERNELBASE:0x00007FFC52290000) ( 0xa3eaf4e8, 0x0, 0x0, 0xc1c ) 
0x00007FFBF5941697	NULL (NULL:0) (baselibmt:0x00007FFBF5910000) ( 0xa3eaf4e8, 0xada61f40, 0xa3eaf4e8, 0xada61f40 ) 
0x00007FFC15062D65	NULL (NULL:0) (asyncoremt:0x00007FFC15030000) ( 0xa1b508f0, 0x0, 0xada333a0, 0x0 ) 
0x00007FFC1506305F	NULL (NULL:0) (asyncoremt:0x00007FFC15030000) ( 0xa5663bd0, 0x0, 0x0, 0x0 ) 
0x00007FFC525C10B2	NULL (NULL:0) (ucrtbase:0x00007FFC525A0000) ( 0x0, 0x0, 0x0, 0x0 ) 
0x00007FFC54557C24	NULL (NULL:0) (KERNEL32:0x00007FFC54540000) ( 0x0, 0x0, 0x0, 0x0 ) 

Thread 5224
=====================
0x00007FFC553BD244	NULL (NULL:0) (ntdll:0x00007FFC55320000) ( 0x0, 0x0, 0x0, 0x0 ) 
0x00007FFC522E2AE7	NULL (NULL:0) (KERNELBASE:0x00007FFC52290000) ( 0x0, 0x0, 0xaecacac0, 0x0 ) 
0x00007FFC522E29CE	NULL (NULL:0) (KERNELBASE:0x00007FFC52290000) ( 0x0, 0x0, 0x0, 0x0 ) 
0x00007FFBEC307128	NULL (NULL:0) (nvoglv64:0x00007FFBEB640000) ( 0x0, 0x0, 0x0, 0x0 ) 
0x00007FFC54557C24	NULL (NULL:0) (KERNEL32:0x00007FFC54540000) ( 0x0, 0x0, 0x0, 0x0 ) 

Thread 5140
=====================
0x00007FFC52739A84	NULL (NULL:0) (win32u:0x00007FFC52730000) ( 0x60cc28c3, 0xec2a8ae0, 0xeb640000, 0x0 ) 
0x00007FFC548B1CBD	NULL (NULL:0) (USER32:0x00007FFC54890000) ( 0x0, 0x522f88db, 0x0, 0xeb640000 ) 
0x00007FFC548B1BA3	NULL (NULL:0) (USER32:0x00007FFC54890000) ( 0x0, 0x4378fc90, 0x0, 0xaed1c7f0 ) 
0x00007FFBEC29E49F	NULL (NULL:0) (nvoglv64:0x00007FFBEB640000) ( 0x0, 0x0, 0x0, 0x0 ) 
0x00007FFC54557C24	NULL (NULL:0) (KERNEL32:0x00007FFC54540000) ( 0x0, 0x0, 0x0, 0x0 ) 

Thread 1952
=====================
0x00007FFC553BCD74	NULL (NULL:0) (ntdll:0x00007FFC55320000) ( 0x43f3fb98, 0x22911f0d, 0x5ffc1ae9, 0xa4cdb28 ) 
0x00007FFC522DFC21	NULL (NULL:0) (KERNELBASE:0x00007FFC52290000) ( 0x0, 0x0, 0xc00000bb, 0x0 ) 
0x00007FFC2A022359	NULL (NULL:0) (exitlogger_app_sh:0x00007FFC2A020000) ( 0x3c, 0x12c, 0x0, 0x55373bd0 ) 
0x00007FFBF5A069A2	NULL (NULL:0) (baselibmt:0x00007FFBF5910000) ( 0x0, 0xaeb1ca00, 0xaf070540, 0x0 ) 
0x00007FFC525C10B2	NULL (NULL:0) (ucrtbase:0x00007FFC525A0000) ( 0x0, 0x0, 0x0, 0x0 ) 
0x00007FFC54557C24	NULL (NULL:0) (KERNEL32:0x00007FFC54540000) ( 0x0, 0x0, 0x0, 0x0 ) 

Thread 8484
=====================
0x00007FFC553BC774	NULL (NULL:0) (ntdll:0x00007FFC55320000) ( 0x1, 0x15062a4d, 0xada62080, 0xada36bf0 ) 
0x00007FFC522D1E93	NULL (NULL:0) (KERNELBASE:0x00007FFC52290000) ( 0xa3eaf4e8, 0x0, 0x0, 0xcf4 ) 
0x00007FFBF5941697	NULL (NULL:0) (baselibmt:0x00007FFBF5910000) ( 0xa3eaf4e8, 0xada62080, 0xa3eaf4e8, 0xada62080 ) 
0x00007FFC15062D65	NULL (NULL:0) (asyncoremt:0x00007FFC15030000) ( 0xa1b508f0, 0x0, 0xada5c600, 0x0 ) 
0x00007FFC1506305F	NULL (NULL:0) (asyncoremt:0x00007FFC15030000) ( 0xaed45d60, 0x0, 0x0, 0x0 ) 
0x00007FFC525C10B2	NULL (NULL:0) (ucrtbase:0x00007FFC525A0000) ( 0x0, 0x0, 0x0, 0x0 ) 
0x00007FFC54557C24	NULL (NULL:0) (KERNEL32:0x00007FFC54540000) ( 0x0, 0x0, 0x0, 0x0 ) 

Thread 15112
=====================
0x00007FFC553BC774	NULL (NULL:0) (ntdll:0x00007FFC55320000) ( 0x0, 0x150666e7, 0x0, 0x0 ) 
0x00007FFC522D1E93	NULL (NULL:0) (KERNELBASE:0x00007FFC52290000) ( 0x150c6138, 0xb9e24a10, 0x0, 0x474 ) 
0x00007FFBF594166B	NULL (NULL:0) (baselibmt:0x00007FFBF5910000) ( 0xada5d500, 0xada5d430, 0x1, 0xada5d500 ) 
0x00007FFC15066F95	NULL (NULL:0) (asyncoremt:0x00007FFC15030000) ( 0x1, 0x2268, 0x0, 0x0 ) 
0x00007FFBF5A069A2	NULL (NULL:0) (baselibmt:0x00007FFBF5910000) ( 0x0, 0xaeb1a000, 0xaf14bd50, 0x0 ) 
0x00007FFC525C10B2	NULL (NULL:0) (ucrtbase:0x00007FFC525A0000) ( 0x0, 0x0, 0x0, 0x0 ) 
0x00007FFC54557C24	NULL (NULL:0) (KERNEL32:0x00007FFC54540000) ( 0x0, 0x0, 0x0, 0x0 ) 

Thread 1068
=====================
0x00007FFC553BC774	NULL (NULL:0) (ntdll:0x00007FFC55320000) ( 0xb86a1af0, 0x553606e1, 0xa1d17108, 0xa1b00000 ) 
0x00007FFC522D1E93	NULL (NULL:0) (KERNELBASE:0x00007FFC52290000) ( 0x150c6138, 0xa1b009b0, 0x0, 0x474 ) 
0x00007FFBF594166B	NULL (NULL:0) (baselibmt:0x00007FFBF5910000) ( 0xada5c930, 0xada5c860, 0x1, 0xada5c930 ) 
0x00007FFC15066F95	NULL (NULL:0) (asyncoremt:0x00007FFC15030000) ( 0x1, 0x20ec, 0x0, 0x0 ) 
0x00007FFBF5A069A2	NULL (NULL:0) (baselibmt:0x00007FFBF5910000) ( 0x0, 0xaeb1a200, 0xaf14b1d0, 0x0 ) 
0x00007FFC525C10B2	NULL (NULL:0) (ucrtbase:0x00007FFC525A0000) ( 0x0, 0x0, 0x0, 0x0 ) 
0x00007FFC54557C24	NULL (NULL:0) (KERNEL32:0x00007FFC54540000) ( 0x0, 0x0, 0x0, 0x0 ) 

Thread 4636
=====================
0x00007FFC553BC774	NULL (NULL:0) (ntdll:0x00007FFC55320000) ( 0x10, 0x227b1fdb, 0xeef64bd8, 0xa1ce0870 ) 
0x00007FFC522D1E93	NULL (NULL:0) (KERNELBASE:0x00007FFC52290000) ( 0xaf14e4e8, 0x0, 0x0, 0xf48 ) 
0x00007FFBF594166B	NULL (NULL:0) (baselibmt:0x00007FFBF5910000) ( 0x0, 0x1, 0x8, 0xa1b50bf8 ) 
0x00007FFBF5A06BE5	NULL (NULL:0) (baselibmt:0x00007FFBF5910000) ( 0x0, 0xa5500c00, 0xaf14e4d0, 0x7fffffff ) 
0x00007FFC525C10B2	NULL (NULL:0) (ucrtbase:0x00007FFC525A0000) ( 0x0, 0x0, 0x0, 0x0 ) 
0x00007FFC54557C24	NULL (NULL:0) (KERNEL32:0x00007FFC54540000) ( 0x0, 0x0, 0x0, 0x0 ) 

Thread 5364
=====================
0x00007FFC553BC774	NULL (NULL:0) (ntdll:0x00007FFC55320000) ( 0x10, 0x227b1fdb, 0xeef64c38, 0xa1ce0870 ) 
0x00007FFC522D1E93	NULL (NULL:0) (KERNELBASE:0x00007FFC52290000) ( 0xaf14d868, 0x0, 0x0, 0x1024 ) 
0x00007FFBF594166B	NULL (NULL:0) (baselibmt:0x00007FFBF5910000) ( 0x0, 0x1, 0x8, 0xa1b50bf8 ) 
0x00007FFBF5A06BE5	NULL (NULL:0) (baselibmt:0x00007FFBF5910000) ( 0x0, 0xa5501000, 0xaf14d850, 0x7fffffff ) 
0x00007FFC525C10B2	NULL (NULL:0) (ucrtbase:0x00007FFC525A0000) ( 0x0, 0x0, 0x0, 0x0 ) 
0x00007FFC54557C24	NULL (NULL:0) (KERNEL32:0x00007FFC54540000) ( 0x0, 0x0, 0x0, 0x0 ) 

Thread 7928
=====================
0x00007FFC553BCD74	NULL (NULL:0) (ntdll:0x00007FFC55320000) ( 0x4755faf8, 0xa432c2a8, 0xb6a92668, 0x228caae9 ) 
0x00007FFC522DFC21	NULL (NULL:0) (KERNELBASE:0x00007FFC52290000) ( 0x0, 0x0, 0xc00000bb, 0x0 ) 
0x00007FFBF5A05728	NULL (NULL:0) (baselibmt:0x00007FFBF5910000) ( 0x2, 0x1, 0x1, 0xb169fb70 ) 
0x00007FF6A825A1B6	NULL (NULL:0) (xtop:0x00007FF6A2C10000) ( 0xb6a92598, 0x0, 0x0, 0xb5ca12a0 ) 
0x00007FFC228CA5E4	NULL (NULL:0) (coretools_sh:0x00007FFC22880000) ( 0x0, 0x0, 0x0, 0x0 ) 
0x00007FFBF5A069A2	NULL (NULL:0) (baselibmt:0x00007FFBF5910000) ( 0x0, 0xb746a800, 0xaf14db50, 0x0 ) 
0x00007FFC525C10B2	NULL (NULL:0) (ucrtbase:0x00007FFC525A0000) ( 0x0, 0x0, 0x0, 0x0 ) 
0x00007FFC54557C24	NULL (NULL:0) (KERNEL32:0x00007FFC54540000) ( 0x0, 0x0, 0x0, 0x0 ) 

Thread 14452
=====================
0x00007FFC553BD244	NULL (NULL:0) (ntdll:0x00007FFC55320000) ( 0x45004e, 0x383d5ac1, 0x650072, 0x750047 ) 
0x00007FFC522E2AE7	NULL (NULL:0) (KERNELBASE:0x00007FFC52290000) ( 0xaf250550, 0x45dff6d9, 0xaf250550, 0xaf250550 ) 
0x00007FFC384E7A2F	NULL (NULL:0) (clr:0x00007FFC383D0000) ( 0xaf250550, 0xaf250550, 0x0, 0xaf14a4c0 ) 
0x00007FFC384E794B	NULL (NULL:0) (clr:0x00007FFC383D0000) ( 0x0, 0x0, 0x0, 0x0 ) 
0x00007FFC384E7841	NULL (NULL:0) (clr:0x00007FFC383D0000) ( 0x0, 0x0, 0x0, 0x0 ) 
0x00007FFC54557C24	NULL (NULL:0) (KERNEL32:0x00007FFC54540000) ( 0x0, 0x0, 0x0, 0x0 ) 

Thread 10072
=====================
0x00007FFC553BD244	NULL (NULL:0) (ntdll:0x00007FFC55320000) ( 0x47d0f3d1, 0x385541a7, 0x0, 0x0 ) 
0x00007FFC522E2AE7	NULL (NULL:0) (KERNELBASE:0x00007FFC52290000) ( 0x0, 0x0, 0x0, 0x0 ) 
0x00007FFC3857FE37	NULL (NULL:0) (clr:0x00007FFC383D0000) ( 0x38567320, 0x47d0f8c8, 0x18, 0x383d5a73 ) 
0x00007FFC38567373	NULL (NULL:0) (clr:0x00007FFC383D0000) ( 0x47d0f8c8, 0x38567320, 0x47d0f9e0, 0x47d0f3f0 ) 
0x00007FFC383D7CD0	NULL (NULL:0) (clr:0x00007FFC383D0000) ( 0x47d0f8c8, 0xb743e930, 0x47d0f368, 0x47d0f3f0 ) 
0x00007FFC383D7C43	NULL (NULL:0) (clr:0x00007FFC383D0000) ( 0x47d0f8c8, 0x0, 0x47d0f368, 0x47d0f3f0 ) 
0x00007FFC383D7B82	NULL (NULL:0) (clr:0x00007FFC383D0000) ( 0xffffffff, 0xb743e930, 0x47d0f368, 0x47d0f3f0 ) 
0x00007FFC384D7EB6	NULL (NULL:0) (clr:0x00007FFC383D0000) ( 0x0, 0x0, 0x0, 0x384d7da0 ) 
0x00007FFC383DB5B5	NULL (NULL:0) (clr:0x00007FFC383D0000) ( 0x0, 0x0, 0x0, 0x0 ) 
0x00007FFC54557C24	NULL (NULL:0) (KERNEL32:0x00007FFC54540000) ( 0x0, 0x0, 0x0, 0x0 ) 

Thread 5568
=====================
0x00007FFC553C0084	NULL (NULL:0) (ntdll:0x00007FFC55320000) ( 0xa0a747e8, 0xa0a747e8, 0xa0a70b50, 0x0 ) 
0x00007FFC55353FE0	NULL (NULL:0) (ntdll:0x00007FFC55320000) ( 0x0, 0x0, 0x0, 0x0 ) 
0x00007FFC54557C24	NULL (NULL:0) (KERNEL32:0x00007FFC54540000) ( 0x0, 0x0, 0x0, 0x0 ) 
